<?xml version="1.0" encoding="UTF-8"?>
<!-- Generated by org.testng.reporters.JUnitReportReporter -->
<testsuite skipped="0" hostname="DESKTOP-AMSG348" name="org.techAltum.com.UploadFileUsingSikuli" tests="1" failures="0" timestamp="07 Dec 2019 20:57:12 GMT" time="24.536" errors="0">
  <testcase name="naukriTest" time="24.536" classname="org.techAltum.com.UploadFileUsingSikuli"/>
</testsuite> <!-- org.techAltum.com.UploadFileUsingSikuli -->
