<?xml version="1.0" encoding="UTF-8"?>
<!-- Generated by org.testng.reporters.JUnitReportReporter -->
<testsuite skipped="0" hostname="DESKTOP-AMSG348" name="org.techAltum.com.UploadFIleUsingAutoIT" tests="1" failures="0" timestamp="07 Dec 2019 20:24:22 GMT" time="27.318" errors="0">
  <testcase name="uploadFileUsingAutoIT" time="27.318" classname="org.techAltum.com.UploadFIleUsingAutoIT"/>
</testsuite> <!-- org.techAltum.com.UploadFIleUsingAutoIT -->
