<?xml version="1.0" encoding="UTF-8"?>
<!-- Generated by org.testng.reporters.JUnitReportReporter -->
<testsuite skipped="0" hostname="DESKTOP-AMSG348" name="org.techAltum.com.NaukriTest" tests="1" failures="0" timestamp="07 Dec 2019 23:18:37 GMT" time="27.112" errors="0">
  <testcase name="naukriTest" time="27.112" classname="org.techAltum.com.NaukriTest"/>
</testsuite> <!-- org.techAltum.com.NaukriTest -->
