<?xml version="1.0" encoding="UTF-8"?>
<!-- Generated by org.testng.reporters.JUnitReportReporter -->
<testsuite skipped="0" hostname="DESKTOP-AMSG348" name="org.techAltum.com.NaukriTest" tests="1" failures="0" timestamp="07 Dec 2019 23:50:17 GMT" time="23.436" errors="0">
  <testcase name="naukriTest" time="23.436" classname="org.techAltum.com.NaukriTest"/>
</testsuite> <!-- org.techAltum.com.NaukriTest -->
